<?xml version="1.0" encoding="UTF-8"?>
<!-- Generated by org.testng.reporters.JUnitReportReporter -->
<testsuite skipped="0" hostname="DESKTOP-FGAE2QN" name="com.jupiter.testsuites.TS_Smoke" tests="1" failures="0" timestamp="2021-09-11T00:43:39 IST" time="11.467" errors="0">
  <testcase name="tc_002" time="11.467" classname="com.jupiter.testsuites.TS_Smoke"/>
  <system-out/>
</testsuite> <!-- com.jupiter.testsuites.TS_Smoke -->
