<?xml version="1.0" encoding="UTF-8"?>
<!-- Generated by org.testng.reporters.JUnitReportReporter -->
<testsuite skipped="0" hostname="DESKTOP-FGAE2QN" name="com.jupiter.testsuites.TS_Regression" tests="1" failures="0" timestamp="2021-09-11T01:44:27 IST" time="7.007" errors="0">
  <testcase name="tc_004" time="7.007" classname="com.jupiter.testsuites.TS_Regression"/>
  <system-out/>
</testsuite> <!-- com.jupiter.testsuites.TS_Regression -->
