<?xml version="1.0" encoding="UTF-8"?>
<!-- Generated by org.testng.reporters.JUnitReportReporter -->
<testsuite skipped="0" hostname="DESKTOP-FGAE2QN" name="com.jupiter.testsuites.TS_Regression" tests="4" failures="0" timestamp="2021-09-11T17:58:45 IST" time="67.073" errors="0">
  <testcase name="tc_002" time="15.543" classname="com.jupiter.testsuites.TS_Regression"/>
  <system-out/>
  <testcase name="tc_001" time="38.711" classname="com.jupiter.testsuites.TS_Regression"/>
  <system-out/>
  <testcase name="tc_004" time="7.979" classname="com.jupiter.testsuites.TS_Regression"/>
  <system-out/>
  <testcase name="tc_003" time="4.840" classname="com.jupiter.testsuites.TS_Regression"/>
  <system-out/>
</testsuite> <!-- com.jupiter.testsuites.TS_Regression -->
