<?xml version="1.0" encoding="UTF-8"?>
<!-- Generated by org.testng.reporters.JUnitReportReporter -->
<testsuite skipped="0" hostname="DESKTOP-FGAE2QN" name="com.jupiter.testsuites.TS_Regression" tests="8" failures="0" timestamp="2021-09-11T18:07:11 IST" time="110.102" errors="0">
  <testcase name="tc_001" time="38.498" classname="com.jupiter.testsuites.TS_Regression"/>
  <system-out/>
  <testcase name="tc_002" time="7.245" classname="com.jupiter.testsuites.TS_Regression"/>
  <system-out/>
  <testcase name="tc_003" time="4.742" classname="com.jupiter.testsuites.TS_Regression"/>
  <system-out/>
  <testcase name="tc_004" time="5.256" classname="com.jupiter.testsuites.TS_Regression"/>
  <system-out/>
  <testcase name="tc_002" time="17.969" classname="com.jupiter.testsuites.TS_Regression"/>
  <system-out/>
  <testcase name="tc_002" time="7.292" classname="com.jupiter.testsuites.TS_Regression"/>
  <system-out/>
  <testcase name="tc_002" time="10.229" classname="com.jupiter.testsuites.TS_Regression"/>
  <system-out/>
  <testcase name="tc_002" time="18.871" classname="com.jupiter.testsuites.TS_Regression"/>
  <system-out/>
</testsuite> <!-- com.jupiter.testsuites.TS_Regression -->
